-----------------------------------------------------------

CONSOLIDACION DE Mercancia Especial
22-07-2013  14:28:56

Procesando Plaza: 60 

Procesando Plaza: 30 

Procesando Plaza: 20 

Procesando Plaza: 10 


    Procesando Archivo: M122520130617.010 ...

Resultados archivo M122520130617.010  
00002013061712250 | 140065000000000+ | 0
00002013061712250 | 140060001767529+ | 0
00002013061712250 | 140002005441164+ | 0
00002013061712250 | 140003011039947+ | 0
00002013061712250 | 140001026893943+ | 0
00002013061712250 | 140004000539610+ | 0
00002013061712250 | 140014004116126+ | 0


El archivo M122520130617.010 se procesó correctamente y fue enviado a /Users/sandrarivera/Desktop/Jasso/Proyectos/Git/Perl_Siete/archivos/MERCANCIAESP/MercanciaEsp_M122520130617.010 



Se procesaron 1 archivos. 


Hora de fin de proceso  14:28:57...
-----------------------------------------------------------