-----------------------------------------------------------

CONSOLIDACION DE Transferencias
22-07-2013  14:51:26

Procesando Plaza: 60 

Procesando Plaza: 30 

Procesando Plaza: 20 

Procesando Plaza: 10 


    Procesando Archivo: TRANSF_20130323_2013.010 ...

Resultados archivo TRANSF_20130323_2013.010  
00002013032303630 | 24000278000092000000000+000000000+0278I | 1
00002013032300110 | 24000484000206000000000+000000000+0484I | 4
00002013032310900 | 24000283000061000000000+000000000+0283I | 5
00002013032318870 | 24000006000357000000000+000000000+0006I | 15
00002013032318870 | 24000348000011000000000+000000000+0348I | 6
00002013032318870 | 24000006000359000000000+000000000+0006I | 10
00002013032303610 | 24000231000139000000000+000000000+0231I | 5
00002013032300220 | 24000022000020000000000+000000000+0074O | 2
00002013032300220 | 24000022000021000000000+000000000+0736O | 1
00002013032315170 | 24001014000161000000000+000000000+1014I | 1
00002013032315170 | 24001517000170000000000+000000000+0402O | 1
00002013032307350 | 24000161000049000000000+000000000+0161I | 9
00002013032304490 | 24001212000080000000000+000000000+1212I | 5
00002013032304930 | 24000162000173000000000+000000000+0162I | 4
00002013032304930 | 24000493000115000000000+000000000+0162O | 1
00002013032309790 | 24000762000177000000000+000000000+0762I | 5
00002013032304030 | 24000311000078000000000+000000000+0311I | 18
00002013032301620 | 24000162000173000000000+000000000+0493O | 4
00002013032301620 | 24000493000115000000000+000000000+0493I | 1
00002013032306060 | 24000606000158000000000+000000000+1550O | 2
00002013032302780 | 24000278000092000000000+000000000+0363O | 1
00002013032316300 | 24001630000123000000000+000000000+1641O | 10
00002013032310130 | 24001013000339000000000+000000000+0487O | 9
00002013032310130 | 24001013000336000000000+000000000+0180O | 2
00002013032310130 | 24000309000144000000000+000000000+0309I | 1
00002013032310130 | 24001013000335000000000+000000000+0487O | 10
00002013032313750 | 24001375000218000000000+000000000+0074O | 1
00002013032302480 | 24000385000039000000000+000000000+0385I | 9
00002013032308820 | 24000882000155000000000+000000000+0824O | 6
00002013032311830 | 24001183000160000000000+000000000+0785O | 3
00002013032315500 | 24000606000158000000000+000000000+0606I | 2
00002013032301800 | 24001013000336000000000+000000000+1013I | 2
00002013032301630 | 24000163000304000000000+000000000+1751O | 7
00002013032312290 | 24001229000113000000000+000000000+0762O | 7
00002013032307740 | 24000753000234000000000+000000000+0753I | 1
00002013032303110 | 24000311000078000000000+000000000+0403O | 18
00002013032307360 | 24000022000021000000000+000000000+0022I | 1
00002013032307360 | 24000320000211000000000+000000000+0320I | 2
00002013032317510 | 24000163000304000000000+000000000+0163I | 7
00002013032302720 | 24000272000134000000000+000000000+1723O | 1
00002013032307370 | 24000283000060000000000+000000000+0283I | 5
00002013032315900 | 24001590000002000000000+000000000+1353O | 4
00002013032309740 | 24000974000158000000000+000000000+0866O | 5
00002013032302830 | 24000283000060000000000+000000000+0737O | 5
00002013032302830 | 24000283000061000000000+000000000+1090O | 5
00002013032304870 | 24001013000339000000000+000000000+1013I | 9
00002013032304870 | 24001013000335000000000+000000000+1013I | 10
00002013032300830 | 24000083000251000000000+000000000+0484O | 3
00002013032305510 | 24000551000014000000000+000000000+0785O | 1
00002013032303200 | 24000320000211000000000+000000000+0736O | 2
00002013032316940 | 24000182000373000000000+000000000+0182I | 1
00002013032308660 | 24000974000158000000000+000000000+0974I | 5
00002013032307620 | 24000762000177000000000+000000000+0979O | 5
00002013032307620 | 24001229000113000000000+000000000+1229I | 7
00002013032306040 | 24000604000097000000000+000000000+0159O | 5
00002013032311250 | 24000006000354000000000+000000000+0006I | 2
00002013032306050 | 24000385000038000000000+000000000+0385I | 14
00002013032304840 | 24000484000206000000000+000000000+0011O | 4
00002013032304840 | 24000083000251000000000+000000000+0083I | 3
00002013032307850 | 24001183000160000000000+000000000+1183I | 3
00002013032307850 | 24000551000014000000000+000000000+0551I | 1
00002013032302310 | 24000231000139000000000+000000000+0361O | 5
00002013032308240 | 24000882000155000000000+000000000+0882I | 6
00002013032303090 | 24000309000144000000000+000000000+1013O | 1
00002013032316120 | 24001771000035000000000+000000000+1771I | 1
00002013032301610 | 24000161000049000000000+000000000+0735O | 9
00002013032300740 | 24001375000218000000000+000000000+1375I | 1
00002013032300740 | 24000022000020000000000+000000000+0022I | 2
00002013032307530 | 24000753000234000000000+000000000+0774O | 1
00002013032306520 | 24000006000353000000000+000000000+0006I | 6
00002013032306210 | 24000621000227000000000+000000000+0439O | 1
00002013032310140 | 24001014000161000000000+000000000+1517O | 1
00002013032313530 | 24001590000002000000000+000000000+1590I | 4
00002013032301820 | 24000182000373000000000+000000000+1694O | 1
00002013032314600 | 24001421000033000000000+000000000+1421I | 11
00002013032304390 | 24000621000227000000000+000000000+0621I | 1
00002013032303850 | 24000385000038000000000+000000000+0605O | 14
00002013032303850 | 24000385000039000000000+000000000+0248O | 9
00002013032300040 | 24001723000001000000000+000000000+1723I | 1
00002013032317230 | 24000272000134000000000+000000000+0272I | 1
00002013032317230 | 24001723000001000000000+000000000+0004O | 1
00002013032301590 | 24000604000097000000000+000000000+0604I | 5
00002013032304020 | 24001517000170000000000+000000000+1517I | 1
00002013032300060 | 24000006000359000000000+000000000+1887O | 10
00002013032300060 | 24000006000357000000000+000000000+1887O | 15
00002013032300060 | 24000006000354000000000+000000000+1125O | 2
00002013032300060 | 24000006000353000000000+000000000+0652O | 6
00002013032314210 | 24001421000033000000000+000000000+1460O | 11
00002013032312120 | 24001212000080000000000+000000000+0449O | 5
00002013032317710 | 24001771000035000000000+000000000+1612O | 1
00002013032316410 | 24001630000123000000000+000000000+1630I | 10
00002013032303480 | 24000348000011000000000+000000000+1887O | 6


El archivo TRANSF_20130323_2013.010 se procesó correctamente y fue enviado a /Users/sandrarivera/Desktop/Jasso/Proyectos/Git/Perl_Siete/archivos/TRANSFERENCIAS/Transferencias_TRANSF_20130323_2013.010 



Se procesaron 1 archivos. 


Hora de fin de proceso  14:51:26...
-----------------------------------------------------------